<?xml version="1.0" encoding="UTF-8"?>
<!-- Generated by org.testng.reporters.JUnitXMLReporter -->
<testsuite ignored="0" hostname="Sridevi-MB" failures="0" tests="4" name="Test" time="0.192" errors="0" timestamp="2022-11-17T15:55:07 IST">
  <testcase classname="PractisePackage.SampleTest2" name="Script11" time="0.024"/>
  <testcase classname="PractisePackage.SampleTest2" name="Script22" time="0.007"/>
  <testcase classname="PractisePackage.SampleTest" name="Script1" time="0.005"/>
  <testcase classname="PractisePackage.SampleTest" name="Script2" time="0.009"/>
</testsuite> <!-- Test -->
