<?xml version="1.0" encoding="UTF-8"?>
<testng-results ignored="0" total="4" passed="4" failed="0" skipped="0">
  <reporter-output>
  </reporter-output>
  <suite started-at="2022-11-17T15:55:07 IST" name="Suite" finished-at="2022-11-17T15:55:07 IST" duration-ms="192">
    <groups>
    </groups>
    <test started-at="2022-11-17T15:55:07 IST" name="Test" finished-at="2022-11-17T15:55:07 IST" duration-ms="192">
      <class name="PractisePackage.SampleTest">
        <test-method signature="Script1()[pri:0, instance:PractisePackage.SampleTest@4d02f94e]" started-at="2022-11-17T15:55:07 IST" name="Script1" finished-at="2022-11-17T15:55:07 IST" duration-ms="5" status="PASS">
          <reporter-output>
          </reporter-output>
        </test-method> <!-- Script1 -->
        <test-method signature="Script2()[pri:0, instance:PractisePackage.SampleTest@4d02f94e]" started-at="2022-11-17T15:55:07 IST" name="Script2" finished-at="2022-11-17T15:55:07 IST" duration-ms="9" status="PASS">
          <reporter-output>
          </reporter-output>
        </test-method> <!-- Script2 -->
      </class> <!-- PractisePackage.SampleTest -->
      <class name="PractisePackage.SampleTest2">
        <test-method signature="Script11()[pri:0, instance:PractisePackage.SampleTest2@d29f28]" started-at="2022-11-17T15:55:07 IST" name="Script11" finished-at="2022-11-17T15:55:07 IST" duration-ms="24" status="PASS">
          <reporter-output>
          </reporter-output>
        </test-method> <!-- Script11 -->
        <test-method signature="Script22()[pri:0, instance:PractisePackage.SampleTest2@d29f28]" started-at="2022-11-17T15:55:07 IST" name="Script22" finished-at="2022-11-17T15:55:07 IST" duration-ms="7" status="PASS">
          <reporter-output>
          </reporter-output>
        </test-method> <!-- Script22 -->
      </class> <!-- PractisePackage.SampleTest2 -->
    </test> <!-- Test -->
  </suite> <!-- Suite -->
</testng-results>
